{"contracts/BSCAgent/BSCBridgeAgentImpl.sol":{"l":{"11":0,"12":0,"16":0,"17":0,"18":0,"22":0,"23":0,"26":0,"33":0,"35":0,"37":0,"42":0,"55":0,"60":0,"62":0,"66":0,"68":0,"76":0,"78":0,"84":0,"86":0,"106":0,"109":0,"111":0,"116":0,"117":0,"118":0,"120":0,"124":0,"128":0,"132":0,"140":0,"144":0},"path":"/home/xena/Desktop/TotemFi/contracts/Totem-Bridge/contracts/BSCAgent/BSCBridgeAgentImpl.sol","s":{"1":0,"2":0,"3":0,"4":0,"5":0,"6":0,"7":0,"8":0,"9":0,"10":0,"11":0,"12":0,"13":0,"14":0,"15":0,"16":0,"17":0,"18":0,"19":0,"20":0,"21":0,"22":0,"23":0,"24":0,"25":0,"26":0,"27":0,"28":0,"29":0,"30":0},"b":{"1":[0,0],"2":[0,0],"3":[0,0],"4":[0,0],"5":[0,0],"6":[0,0]},"f":{"1":0,"2":0,"3":0,"4":0,"5":0,"6":0,"7":0,"8":0,"9":0,"10":0,"11":0},"fnMap":{"1":{"name":"onlyOwner","line":10,"loc":{"start":{"line":10,"column":4},"end":{"line":13,"column":4}}},"2":{"name":"notContract","line":15,"loc":{"start":{"line":15,"column":4},"end":{"line":19,"column":4}}},"3":{"name":"isContract","line":21,"loc":{"start":{"line":21,"column":4},"end":{"line":27,"column":4}}},"4":{"name":"fillBNB2TOTMPegin","line":31,"loc":{"start":{"line":29,"column":4},"end":{"line":95,"column":4}}},"5":{"name":"swapRouterQuery","line":97,"loc":{"start":{"line":97,"column":4},"end":{"line":113,"column":4}}},"6":{"name":"_getPathForWbnb2Totem","line":115,"loc":{"start":{"line":115,"column":4},"end":{"line":121,"column":4}}},"7":{"name":"bnbBalance","line":123,"loc":{"start":{"line":123,"column":4},"end":{"line":125,"column":4}}},"8":{"name":"bnbWithdraw","line":127,"loc":{"start":{"line":127,"column":4},"end":{"line":129,"column":4}}},"9":{"name":"totemBalance","line":131,"loc":{"start":{"line":131,"column":4},"end":{"line":133,"column":4}}},"10":{"name":"setSlippagePercentage","line":137,"loc":{"start":{"line":135,"column":4},"end":{"line":141,"column":4}}},"11":{"name":"setPancakePair","line":143,"loc":{"start":{"line":143,"column":4},"end":{"line":145,"column":4}}}},"statementMap":{"1":{"start":{"line":11,"column":8},"end":{"line":11,"column":78}},"2":{"start":{"line":16,"column":8},"end":{"line":16,"column":74}},"3":{"start":{"line":17,"column":8},"end":{"line":17,"column":71}},"4":{"start":{"line":22,"column":8},"end":{"line":22,"column":20}},"5":{"start":{"line":26,"column":8},"end":{"line":26,"column":23}},"6":{"start":{"line":33,"column":8},"end":{"line":33,"column":69}},"7":{"start":{"line":35,"column":8},"end":{"line":35,"column":74}},"8":{"start":{"line":37,"column":8},"end":{"line":37,"column":1091}},"9":{"start":{"line":42,"column":8},"end":{"line":42,"column":1220}},"10":{"start":{"line":55,"column":8},"end":{"line":55,"column":1533}},"11":{"start":{"line":60,"column":8},"end":{"line":60,"column":70}},"12":{"start":{"line":62,"column":8},"end":{"line":62,"column":1735}},"13":{"start":{"line":66,"column":8},"end":{"line":66,"column":50}},"14":{"start":{"line":68,"column":8},"end":{"line":68,"column":1913}},"15":{"start":{"line":76,"column":8},"end":{"line":76,"column":60}},"16":{"start":{"line":78,"column":8},"end":{"line":78,"column":2263}},"17":{"start":{"line":84,"column":8},"end":{"line":84,"column":59}},"18":{"start":{"line":86,"column":8},"end":{"line":86,"column":2469}},"19":{"start":{"line":106,"column":8},"end":{"line":106,"column":2960}},"20":{"start":{"line":109,"column":8},"end":{"line":109,"column":28}},"21":{"start":{"line":111,"column":8},"end":{"line":111,"column":3091}},"22":{"start":{"line":116,"column":8},"end":{"line":116,"column":48}},"23":{"start":{"line":117,"column":8},"end":{"line":117,"column":21}},"24":{"start":{"line":118,"column":8},"end":{"line":118,"column":27}},"25":{"start":{"line":120,"column":8},"end":{"line":120,"column":19}},"26":{"start":{"line":124,"column":8},"end":{"line":124,"column":63}},"27":{"start":{"line":128,"column":8},"end":{"line":128,"column":64}},"28":{"start":{"line":132,"column":8},"end":{"line":132,"column":69}},"29":{"start":{"line":140,"column":8},"end":{"line":140,"column":47}},"30":{"start":{"line":144,"column":8},"end":{"line":144,"column":33}}},"branchMap":{"1":{"line":11,"type":"if","locations":[{"start":{"line":11,"column":8},"end":{"line":11,"column":8}},{"start":{"line":11,"column":8},"end":{"line":11,"column":8}}]},"2":{"line":16,"type":"if","locations":[{"start":{"line":16,"column":8},"end":{"line":16,"column":8}},{"start":{"line":16,"column":8},"end":{"line":16,"column":8}}]},"3":{"line":17,"type":"if","locations":[{"start":{"line":17,"column":8},"end":{"line":17,"column":8}},{"start":{"line":17,"column":8},"end":{"line":17,"column":8}}]},"4":{"line":33,"type":"if","locations":[{"start":{"line":33,"column":8},"end":{"line":33,"column":8}},{"start":{"line":33,"column":8},"end":{"line":33,"column":8}}]},"5":{"line":35,"type":"if","locations":[{"start":{"line":35,"column":8},"end":{"line":35,"column":8}},{"start":{"line":35,"column":8},"end":{"line":35,"column":8}}]},"6":{"line":37,"type":"if","locations":[{"start":{"line":37,"column":8},"end":{"line":37,"column":8}},{"start":{"line":37,"column":8},"end":{"line":37,"column":8}}]}}},"contracts/BSCAgent/BSCBridgeAgentProxy.sol":{"l":{"10":0,"14":0,"18":0,"19":0,"23":0,"24":0,"25":0,"29":0,"30":0,"34":0,"35":0,"39":0,"43":0,"53":0,"55":0,"56":0,"57":0,"58":0,"60":0,"64":0,"65":0,"66":0,"70":0,"71":0,"72":0},"path":"/home/xena/Desktop/TotemFi/contracts/Totem-Bridge/contracts/BSCAgent/BSCBridgeAgentProxy.sol","s":{"1":0,"2":0,"3":0,"4":0,"5":0,"6":0,"7":0,"8":0,"9":0,"10":0,"11":0,"12":0,"13":0,"14":0,"15":0,"16":0,"17":0,"18":0,"19":0,"20":0,"21":0,"22":0},"b":{"1":[0,0],"2":[0,0],"3":[0,0],"4":[0,0],"5":[0,0]},"f":{"1":0,"2":0,"3":0,"4":0,"5":0,"6":0,"7":0,"8":0,"9":0},"fnMap":{"1":{"name":"onlyProxyAdmin","line":9,"loc":{"start":{"line":9,"column":4},"end":{"line":15,"column":4}}},"2":{"name":"onlyOwner","line":17,"loc":{"start":{"line":17,"column":4},"end":{"line":20,"column":4}}},"3":{"name":"constructor","line":22,"loc":{"start":{"line":22,"column":4},"end":{"line":26,"column":4}}},"4":{"name":"upgradeTo","line":28,"loc":{"start":{"line":28,"column":4},"end":{"line":36,"column":4}}},"5":{"name":"enableUpgrade","line":38,"loc":{"start":{"line":38,"column":4},"end":{"line":40,"column":4}}},"6":{"name":"disableUpgrade","line":42,"loc":{"start":{"line":42,"column":4},"end":{"line":44,"column":4}}},"7":{"name":"initialize","line":52,"loc":{"start":{"line":46,"column":4},"end":{"line":61,"column":4}}},"8":{"name":"_setBSCBridgeAgentImpl","line":63,"loc":{"start":{"line":63,"column":4},"end":{"line":67,"column":4}}},"9":{"name":null,"line":69,"loc":{"start":{"line":69,"column":4},"end":{"line":84,"column":4}}}},"statementMap":{"1":{"start":{"line":10,"column":8},"end":{"line":10,"column":295}},"2":{"start":{"line":18,"column":8},"end":{"line":18,"column":78}},"3":{"start":{"line":23,"column":8},"end":{"line":23,"column":28}},"4":{"start":{"line":24,"column":8},"end":{"line":24,"column":31}},"5":{"start":{"line":25,"column":8},"end":{"line":25,"column":27}},"6":{"start":{"line":29,"column":8},"end":{"line":29,"column":60}},"7":{"start":{"line":30,"column":8},"end":{"line":30,"column":839}},"8":{"start":{"line":34,"column":8},"end":{"line":34,"column":53}},"9":{"start":{"line":35,"column":8},"end":{"line":35,"column":29}},"10":{"start":{"line":39,"column":8},"end":{"line":39,"column":28}},"11":{"start":{"line":43,"column":8},"end":{"line":43,"column":29}},"12":{"start":{"line":53,"column":8},"end":{"line":53,"column":42}},"13":{"start":{"line":55,"column":8},"end":{"line":55,"column":45}},"14":{"start":{"line":56,"column":8},"end":{"line":56,"column":33}},"15":{"start":{"line":57,"column":8},"end":{"line":57,"column":19}},"16":{"start":{"line":58,"column":8},"end":{"line":58,"column":31}},"17":{"start":{"line":60,"column":8},"end":{"line":60,"column":47}},"18":{"start":{"line":64,"column":8},"end":{"line":64,"column":44}},"19":{"start":{"line":65,"column":8},"end":{"line":65,"column":50}},"20":{"start":{"line":66,"column":8},"end":{"line":66,"column":64}},"21":{"start":{"line":70,"column":8},"end":{"line":70,"column":40}},"22":{"start":{"line":71,"column":8},"end":{"line":71,"column":33}}},"branchMap":{"1":{"line":10,"type":"if","locations":[{"start":{"line":10,"column":8},"end":{"line":10,"column":8}},{"start":{"line":10,"column":8},"end":{"line":10,"column":8}}]},"2":{"line":18,"type":"if","locations":[{"start":{"line":18,"column":8},"end":{"line":18,"column":8}},{"start":{"line":18,"column":8},"end":{"line":18,"column":8}}]},"3":{"line":29,"type":"if","locations":[{"start":{"line":29,"column":8},"end":{"line":29,"column":8}},{"start":{"line":29,"column":8},"end":{"line":29,"column":8}}]},"4":{"line":30,"type":"if","locations":[{"start":{"line":30,"column":8},"end":{"line":30,"column":8}},{"start":{"line":30,"column":8},"end":{"line":30,"column":8}}]},"5":{"line":71,"type":"if","locations":[{"start":{"line":71,"column":8},"end":{"line":71,"column":8}},{"start":{"line":71,"column":8},"end":{"line":71,"column":8}}]}}},"contracts/BSCAgent/BSCBridgeAgentStorageStructure.sol":{"l":{},"path":"/home/xena/Desktop/TotemFi/contracts/Totem-Bridge/contracts/BSCAgent/BSCBridgeAgentStorageStructure.sol","s":{},"b":{},"f":{},"fnMap":{},"statementMap":{},"branchMap":{}},"contracts/interfaces/IBscBridgeAgent.sol":{"l":{},"path":"/home/xena/Desktop/TotemFi/contracts/Totem-Bridge/contracts/interfaces/IBscBridgeAgent.sol","s":{},"b":{},"f":{},"fnMap":{},"statementMap":{},"branchMap":{}},"contracts/interfaces/ILocker.sol":{"l":{},"path":"/home/xena/Desktop/TotemFi/contracts/Totem-Bridge/contracts/interfaces/ILocker.sol","s":{},"b":{},"f":{},"fnMap":{},"statementMap":{},"branchMap":{}},"contracts/interfaces/IMessageStructure.sol":{"l":{},"path":"/home/xena/Desktop/TotemFi/contracts/Totem-Bridge/contracts/interfaces/IMessageStructure.sol","s":{},"b":{},"f":{},"fnMap":{},"statementMap":{},"branchMap":{}},"contracts/interfaces/IMetisBridgeAgent.sol":{"l":{},"path":"/home/xena/Desktop/TotemFi/contracts/Totem-Bridge/contracts/interfaces/IMetisBridgeAgent.sol","s":{},"b":{},"f":{},"fnMap":{},"statementMap":{},"branchMap":{}},"contracts/interfaces/IPancakePair.sol":{"l":{},"path":"/home/xena/Desktop/TotemFi/contracts/Totem-Bridge/contracts/interfaces/IPancakePair.sol","s":{},"b":{},"f":{},"fnMap":{},"statementMap":{},"branchMap":{}},"contracts/interfaces/IPancakeRouter.sol":{"l":{},"path":"/home/xena/Desktop/TotemFi/contracts/Totem-Bridge/contracts/interfaces/IPancakeRouter.sol","s":{},"b":{},"f":{},"fnMap":{},"statementMap":{},"branchMap":{}},"contracts/interfaces/IPeggedTotemToken.sol":{"l":{},"path":"/home/xena/Desktop/TotemFi/contracts/Totem-Bridge/contracts/interfaces/IPeggedTotemToken.sol","s":{},"b":{},"f":{},"fnMap":{},"statementMap":{},"branchMap":{}},"contracts/libraries/BasisPoints.sol":{"l":{"9":0,"13":0,"14":0,"18":0,"19":0,"20":0,"24":0,"25":0,"26":0},"path":"/home/xena/Desktop/TotemFi/contracts/Totem-Bridge/contracts/libraries/BasisPoints.sol","s":{"1":0,"2":0,"3":0,"4":0,"5":0,"6":0,"7":0,"8":0,"9":0,"10":0,"11":0,"12":0,"13":0},"b":{"1":[0,0],"2":[0,0],"3":[0,0],"4":[0,0],"5":[0,0]},"f":{"1":0,"2":0,"3":0,"4":0},"fnMap":{"1":{"name":"mulBP","line":8,"loc":{"start":{"line":8,"column":4},"end":{"line":10,"column":4}}},"2":{"name":"divBP","line":12,"loc":{"start":{"line":12,"column":4},"end":{"line":15,"column":4}}},"3":{"name":"addBP","line":17,"loc":{"start":{"line":17,"column":4},"end":{"line":21,"column":4}}},"4":{"name":"subBP","line":23,"loc":{"start":{"line":23,"column":4},"end":{"line":27,"column":4}}}},"statementMap":{"1":{"start":{"line":9,"column":8},"end":{"line":9,"column":40}},"2":{"start":{"line":13,"column":8},"end":{"line":13,"column":48}},"3":{"start":{"line":14,"column":8},"end":{"line":14,"column":40}},"4":{"start":{"line":18,"column":8},"end":{"line":18,"column":30}},"5":{"start":{"line":18,"column":22},"end":{"line":18,"column":30}},"6":{"start":{"line":19,"column":8},"end":{"line":19,"column":31}},"7":{"start":{"line":19,"column":21},"end":{"line":19,"column":31}},"8":{"start":{"line":20,"column":8},"end":{"line":20,"column":37}},"9":{"start":{"line":24,"column":8},"end":{"line":24,"column":30}},"10":{"start":{"line":24,"column":22},"end":{"line":24,"column":30}},"11":{"start":{"line":25,"column":8},"end":{"line":25,"column":31}},"12":{"start":{"line":25,"column":21},"end":{"line":25,"column":31}},"13":{"start":{"line":26,"column":8},"end":{"line":26,"column":37}}},"branchMap":{"1":{"line":13,"type":"if","locations":[{"start":{"line":13,"column":8},"end":{"line":13,"column":8}},{"start":{"line":13,"column":8},"end":{"line":13,"column":8}}]},"2":{"line":18,"type":"if","locations":[{"start":{"line":18,"column":8},"end":{"line":18,"column":8}},{"start":{"line":18,"column":8},"end":{"line":18,"column":8}}]},"3":{"line":19,"type":"if","locations":[{"start":{"line":19,"column":8},"end":{"line":19,"column":8}},{"start":{"line":19,"column":8},"end":{"line":19,"column":8}}]},"4":{"line":24,"type":"if","locations":[{"start":{"line":24,"column":8},"end":{"line":24,"column":8}},{"start":{"line":24,"column":8},"end":{"line":24,"column":8}}]},"5":{"line":25,"type":"if","locations":[{"start":{"line":25,"column":8},"end":{"line":25,"column":8}},{"start":{"line":25,"column":8},"end":{"line":25,"column":8}}]}}},"contracts/libraries/VerifySignature.sol":{"l":{"22":0,"42":0,"59":0,"69":0,"70":0,"71":0,"76":0,"83":0,"85":0,"97":0,"99":0},"path":"/home/xena/Desktop/TotemFi/contracts/Totem-Bridge/contracts/libraries/VerifySignature.sol","s":{"1":0,"2":0,"3":0,"4":0,"5":0,"6":0,"7":0,"8":0,"9":0,"10":0},"b":{"1":[0,0]},"f":{"1":0,"2":0,"3":0,"4":0,"5":0,"6":0},"fnMap":{"1":{"name":"getMessageHash","line":17,"loc":{"start":{"line":17,"column":4},"end":{"line":37,"column":4}}},"2":{"name":"getDomainSeparatorHash","line":39,"loc":{"start":{"line":39,"column":4},"end":{"line":52,"column":4}}},"3":{"name":"getEthSignedMessageHash","line":54,"loc":{"start":{"line":54,"column":4},"end":{"line":61,"column":4}}},"4":{"name":"verify","line":63,"loc":{"start":{"line":63,"column":4},"end":{"line":77,"column":4}}},"5":{"name":"recoverSigner","line":79,"loc":{"start":{"line":79,"column":4},"end":{"line":86,"column":4}}},"6":{"name":"splitSignature","line":88,"loc":{"start":{"line":88,"column":4},"end":{"line":118,"column":4}}}},"statementMap":{"1":{"start":{"line":22,"column":8},"end":{"line":22,"column":707}},"2":{"start":{"line":42,"column":8},"end":{"line":42,"column":1404}},"3":{"start":{"line":59,"column":8},"end":{"line":59,"column":1973}},"4":{"start":{"line":69,"column":8},"end":{"line":69,"column":60}},"5":{"start":{"line":70,"column":8},"end":{"line":70,"column":54}},"6":{"start":{"line":71,"column":8},"end":{"line":71,"column":2347}},"7":{"start":{"line":76,"column":8},"end":{"line":76,"column":72}},"8":{"start":{"line":83,"column":8},"end":{"line":83,"column":68}},"9":{"start":{"line":85,"column":8},"end":{"line":85,"column":56}},"10":{"start":{"line":97,"column":8},"end":{"line":97,"column":60}}},"branchMap":{"1":{"line":97,"type":"if","locations":[{"start":{"line":97,"column":8},"end":{"line":97,"column":8}},{"start":{"line":97,"column":8},"end":{"line":97,"column":8}}]}}},"contracts/MetisAgent/MetisBridgeAgentImpl.sol":{"l":{"14":0,"15":0,"19":0,"20":0,"21":0,"25":0,"26":0,"29":0,"37":0,"38":0,"43":0,"48":0,"49":0,"51":0,"60":0,"61":0,"63":0,"65":0,"87":0,"91":0,"96":0,"101":0,"102":0,"103":0,"105":0,"116":0,"120":0,"125":0,"127":0,"129":0,"136":0,"140":0,"144":0,"152":0,"160":0,"168":0},"path":"/home/xena/Desktop/TotemFi/contracts/Totem-Bridge/contracts/MetisAgent/MetisBridgeAgentImpl.sol","s":{"1":0,"2":0,"3":0,"4":0,"5":0,"6":0,"7":0,"8":0,"9":0,"10":0,"11":0,"12":0,"13":0,"14":0,"15":0,"16":0,"17":0,"18":0,"19":0,"20":0,"21":0,"22":0,"23":0,"24":0,"25":0,"26":0,"27":0,"28":0,"29":0,"30":0,"31":0,"32":0,"33":0},"b":{"1":[0,0],"2":[0,0],"3":[0,0],"4":[0,0],"5":[0,0],"6":[0,0],"7":[0,0],"8":[0,0],"9":[0,0],"10":[0,0],"11":[0,0],"12":[0,0]},"f":{"1":0,"2":0,"3":0,"4":0,"5":0,"6":0,"7":0,"8":0,"9":0,"10":0,"11":0,"12":0},"fnMap":{"1":{"name":"onlyOwner","line":13,"loc":{"start":{"line":13,"column":4},"end":{"line":16,"column":4}}},"2":{"name":"notContract","line":18,"loc":{"start":{"line":18,"column":4},"end":{"line":22,"column":4}}},"3":{"name":"isContract","line":24,"loc":{"start":{"line":24,"column":4},"end":{"line":30,"column":4}}},"4":{"name":"pegInMTS2TOTM","line":35,"loc":{"start":{"line":32,"column":4},"end":{"line":77,"column":4}}},"5":{"name":"fillMTS2TOTMPegIn","line":86,"loc":{"start":{"line":79,"column":4},"end":{"line":113,"column":4}}},"6":{"name":"claimMTS2TOTMPegIn","line":115,"loc":{"start":{"line":115,"column":4},"end":{"line":133,"column":4}}},"7":{"name":"mtsBalance","line":135,"loc":{"start":{"line":135,"column":4},"end":{"line":137,"column":4}}},"8":{"name":"mtsWithdraw","line":139,"loc":{"start":{"line":139,"column":4},"end":{"line":141,"column":4}}},"9":{"name":"setNonce","line":143,"loc":{"start":{"line":143,"column":4},"end":{"line":145,"column":4}}},"10":{"name":"setFill","line":151,"loc":{"start":{"line":147,"column":4},"end":{"line":153,"column":4}}},"11":{"name":"setClaim","line":159,"loc":{"start":{"line":155,"column":4},"end":{"line":161,"column":4}}},"12":{"name":"_getDataHash","line":163,"loc":{"start":{"line":163,"column":4},"end":{"line":182,"column":4}}}},"statementMap":{"1":{"start":{"line":14,"column":8},"end":{"line":14,"column":78}},"2":{"start":{"line":19,"column":8},"end":{"line":19,"column":74}},"3":{"start":{"line":20,"column":8},"end":{"line":20,"column":71}},"4":{"start":{"line":25,"column":8},"end":{"line":25,"column":20}},"5":{"start":{"line":29,"column":8},"end":{"line":29,"column":23}},"6":{"start":{"line":37,"column":8},"end":{"line":37,"column":65}},"7":{"start":{"line":38,"column":8},"end":{"line":38,"column":1043}},"8":{"start":{"line":43,"column":8},"end":{"line":43,"column":1173}},"9":{"start":{"line":48,"column":8},"end":{"line":48,"column":74}},"10":{"start":{"line":49,"column":8},"end":{"line":49,"column":73}},"11":{"start":{"line":51,"column":8},"end":{"line":51,"column":1461}},"12":{"start":{"line":60,"column":8},"end":{"line":60,"column":48}},"13":{"start":{"line":61,"column":8},"end":{"line":61,"column":56}},"14":{"start":{"line":63,"column":8},"end":{"line":63,"column":46}},"15":{"start":{"line":65,"column":8},"end":{"line":65,"column":1877}},"16":{"start":{"line":87,"column":8},"end":{"line":87,"column":2410}},"17":{"start":{"line":91,"column":8},"end":{"line":91,"column":2531}},"18":{"start":{"line":96,"column":8},"end":{"line":96,"column":2653}},"19":{"start":{"line":101,"column":8},"end":{"line":101,"column":58}},"20":{"start":{"line":102,"column":8},"end":{"line":102,"column":55}},"21":{"start":{"line":103,"column":8},"end":{"line":103,"column":59}},"22":{"start":{"line":105,"column":8},"end":{"line":105,"column":2953}},"23":{"start":{"line":116,"column":8},"end":{"line":116,"column":3184}},"24":{"start":{"line":120,"column":8},"end":{"line":120,"column":3308}},"25":{"start":{"line":125,"column":8},"end":{"line":125,"column":69}},"26":{"start":{"line":127,"column":8},"end":{"line":127,"column":59}},"27":{"start":{"line":129,"column":8},"end":{"line":129,"column":3570}},"28":{"start":{"line":136,"column":8},"end":{"line":136,"column":36}},"29":{"start":{"line":140,"column":8},"end":{"line":140,"column":35}},"30":{"start":{"line":144,"column":8},"end":{"line":144,"column":33}},"31":{"start":{"line":152,"column":8},"end":{"line":152,"column":57}},"32":{"start":{"line":160,"column":8},"end":{"line":160,"column":59}},"33":{"start":{"line":168,"column":8},"end":{"line":168,"column":4509}}},"branchMap":{"1":{"line":14,"type":"if","locations":[{"start":{"line":14,"column":8},"end":{"line":14,"column":8}},{"start":{"line":14,"column":8},"end":{"line":14,"column":8}}]},"2":{"line":19,"type":"if","locations":[{"start":{"line":19,"column":8},"end":{"line":19,"column":8}},{"start":{"line":19,"column":8},"end":{"line":19,"column":8}}]},"3":{"line":20,"type":"if","locations":[{"start":{"line":20,"column":8},"end":{"line":20,"column":8}},{"start":{"line":20,"column":8},"end":{"line":20,"column":8}}]},"4":{"line":37,"type":"if","locations":[{"start":{"line":37,"column":8},"end":{"line":37,"column":8}},{"start":{"line":37,"column":8},"end":{"line":37,"column":8}}]},"5":{"line":38,"type":"if","locations":[{"start":{"line":38,"column":8},"end":{"line":38,"column":8}},{"start":{"line":38,"column":8},"end":{"line":38,"column":8}}]},"6":{"line":43,"type":"if","locations":[{"start":{"line":43,"column":8},"end":{"line":43,"column":8}},{"start":{"line":43,"column":8},"end":{"line":43,"column":8}}]},"7":{"line":48,"type":"if","locations":[{"start":{"line":48,"column":8},"end":{"line":48,"column":8}},{"start":{"line":48,"column":8},"end":{"line":48,"column":8}}]},"8":{"line":49,"type":"if","locations":[{"start":{"line":49,"column":8},"end":{"line":49,"column":8}},{"start":{"line":49,"column":8},"end":{"line":49,"column":8}}]},"9":{"line":87,"type":"if","locations":[{"start":{"line":87,"column":8},"end":{"line":87,"column":8}},{"start":{"line":87,"column":8},"end":{"line":87,"column":8}}]},"10":{"line":91,"type":"if","locations":[{"start":{"line":91,"column":8},"end":{"line":91,"column":8}},{"start":{"line":91,"column":8},"end":{"line":91,"column":8}}]},"11":{"line":116,"type":"if","locations":[{"start":{"line":116,"column":8},"end":{"line":116,"column":8}},{"start":{"line":116,"column":8},"end":{"line":116,"column":8}}]},"12":{"line":120,"type":"if","locations":[{"start":{"line":120,"column":8},"end":{"line":120,"column":8}},{"start":{"line":120,"column":8},"end":{"line":120,"column":8}}]}}},"contracts/MetisAgent/MetisBridgeAgentProxy.sol":{"l":{"10":0,"14":0,"18":0,"19":0,"23":0,"24":0,"25":0,"29":0,"30":0,"34":0,"35":0,"39":0,"43":0,"51":0,"53":0,"54":0,"55":0,"56":0,"58":0,"64":0,"65":0,"66":0,"70":0,"71":0,"72":0},"path":"/home/xena/Desktop/TotemFi/contracts/Totem-Bridge/contracts/MetisAgent/MetisBridgeAgentProxy.sol","s":{"1":0,"2":0,"3":0,"4":0,"5":0,"6":0,"7":0,"8":0,"9":0,"10":0,"11":0,"12":0,"13":0,"14":0,"15":0,"16":0,"17":0,"18":0,"19":0,"20":0,"21":0,"22":0},"b":{"1":[0,0],"2":[0,0],"3":[0,0],"4":[0,0],"5":[0,0]},"f":{"1":0,"2":0,"3":0,"4":0,"5":0,"6":0,"7":0,"8":0,"9":0},"fnMap":{"1":{"name":"onlyProxyAdmin","line":9,"loc":{"start":{"line":9,"column":4},"end":{"line":15,"column":4}}},"2":{"name":"onlyOwner","line":17,"loc":{"start":{"line":17,"column":4},"end":{"line":20,"column":4}}},"3":{"name":"constructor","line":22,"loc":{"start":{"line":22,"column":4},"end":{"line":26,"column":4}}},"4":{"name":"upgradeTo","line":28,"loc":{"start":{"line":28,"column":4},"end":{"line":36,"column":4}}},"5":{"name":"enableUpgrade","line":38,"loc":{"start":{"line":38,"column":4},"end":{"line":40,"column":4}}},"6":{"name":"disableUpgrade","line":42,"loc":{"start":{"line":42,"column":4},"end":{"line":44,"column":4}}},"7":{"name":"initialize","line":50,"loc":{"start":{"line":46,"column":4},"end":{"line":59,"column":4}}},"8":{"name":"_setMetisBridgeAgentImpl","line":61,"loc":{"start":{"line":61,"column":4},"end":{"line":67,"column":4}}},"9":{"name":null,"line":69,"loc":{"start":{"line":69,"column":4},"end":{"line":84,"column":4}}}},"statementMap":{"1":{"start":{"line":10,"column":8},"end":{"line":10,"column":301}},"2":{"start":{"line":18,"column":8},"end":{"line":18,"column":78}},"3":{"start":{"line":23,"column":8},"end":{"line":23,"column":28}},"4":{"start":{"line":24,"column":8},"end":{"line":24,"column":31}},"5":{"start":{"line":25,"column":8},"end":{"line":25,"column":36}},"6":{"start":{"line":29,"column":8},"end":{"line":29,"column":60}},"7":{"start":{"line":30,"column":8},"end":{"line":30,"column":856}},"8":{"start":{"line":34,"column":8},"end":{"line":34,"column":57}},"9":{"start":{"line":35,"column":8},"end":{"line":35,"column":29}},"10":{"start":{"line":39,"column":8},"end":{"line":39,"column":28}},"11":{"start":{"line":43,"column":8},"end":{"line":43,"column":29}},"12":{"start":{"line":51,"column":8},"end":{"line":51,"column":42}},"13":{"start":{"line":53,"column":8},"end":{"line":53,"column":26}},"14":{"start":{"line":54,"column":8},"end":{"line":54,"column":32}},"15":{"start":{"line":55,"column":8},"end":{"line":55,"column":37}},"16":{"start":{"line":56,"column":8},"end":{"line":56,"column":47}},"17":{"start":{"line":58,"column":8},"end":{"line":58,"column":53}},"18":{"start":{"line":64,"column":8},"end":{"line":64,"column":46}},"19":{"start":{"line":65,"column":8},"end":{"line":65,"column":54}},"20":{"start":{"line":66,"column":8},"end":{"line":66,"column":66}},"21":{"start":{"line":70,"column":8},"end":{"line":70,"column":42}},"22":{"start":{"line":71,"column":8},"end":{"line":71,"column":33}}},"branchMap":{"1":{"line":10,"type":"if","locations":[{"start":{"line":10,"column":8},"end":{"line":10,"column":8}},{"start":{"line":10,"column":8},"end":{"line":10,"column":8}}]},"2":{"line":18,"type":"if","locations":[{"start":{"line":18,"column":8},"end":{"line":18,"column":8}},{"start":{"line":18,"column":8},"end":{"line":18,"column":8}}]},"3":{"line":29,"type":"if","locations":[{"start":{"line":29,"column":8},"end":{"line":29,"column":8}},{"start":{"line":29,"column":8},"end":{"line":29,"column":8}}]},"4":{"line":30,"type":"if","locations":[{"start":{"line":30,"column":8},"end":{"line":30,"column":8}},{"start":{"line":30,"column":8},"end":{"line":30,"column":8}}]},"5":{"line":71,"type":"if","locations":[{"start":{"line":71,"column":8},"end":{"line":71,"column":8}},{"start":{"line":71,"column":8},"end":{"line":71,"column":8}}]}}},"contracts/MetisAgent/MetisBridgeAgentStorageStructure.sol":{"l":{},"path":"/home/xena/Desktop/TotemFi/contracts/Totem-Bridge/contracts/MetisAgent/MetisBridgeAgentStorageStructure.sol","s":{},"b":{},"f":{},"fnMap":{},"statementMap":{},"branchMap":{}},"contracts/PeggedToken/PeggedTotemTokenImpl.sol":{"l":{"10":0,"11":0,"12":0,"16":0,"17":0,"24":0,"25":0,"32":0,"33":0,"41":0,"42":0,"45":0,"53":0,"57":0,"62":0,"70":0,"78":0,"79":0,"87":0,"89":0,"94":0,"102":0,"110":0,"111":0,"113":0,"121":0,"122":0,"123":0,"125":0,"127":0,"129":0,"130":0,"134":0,"135":0},"path":"/home/xena/Desktop/TotemFi/contracts/Totem-Bridge/contracts/PeggedToken/PeggedTotemTokenImpl.sol","s":{"1":0,"2":0,"3":0,"4":0,"5":0,"6":0,"7":0,"8":0,"9":0,"10":0,"11":0,"12":0,"13":0,"14":0,"15":0,"16":0,"17":0,"18":0,"19":0,"20":0,"21":0,"22":0,"23":0,"24":0,"25":0,"26":0,"27":0,"28":0,"29":0,"30":0,"31":0},"b":{"1":[0,0],"2":[0,0],"3":[0,0],"4":[0,0],"5":[0,0],"6":[0,0],"7":[0,0],"8":[0,0],"9":[0,0],"10":[0,0],"11":[0,0],"12":[0,0]},"f":{"1":0,"2":0,"3":0,"4":0,"5":0,"6":0,"7":0,"8":0,"9":0,"10":0},"fnMap":{"1":{"name":"setLocker","line":9,"loc":{"start":{"line":9,"column":4},"end":{"line":13,"column":4}}},"2":{"name":"setTaxRate","line":15,"loc":{"start":{"line":15,"column":4},"end":{"line":18,"column":4}}},"3":{"name":"setTaxExemptStatus","line":22,"loc":{"start":{"line":20,"column":4},"end":{"line":26,"column":4}}},"4":{"name":"setTaxationWallet","line":30,"loc":{"start":{"line":28,"column":4},"end":{"line":34,"column":4}}},"5":{"name":"transfer","line":36,"loc":{"start":{"line":36,"column":4},"end":{"line":46,"column":4}}},"6":{"name":"transferFrom","line":48,"loc":{"start":{"line":48,"column":4},"end":{"line":71,"column":4}}},"7":{"name":"mintTo","line":75,"loc":{"start":{"line":73,"column":4},"end":{"line":80,"column":4}}},"8":{"name":"burnFrom","line":84,"loc":{"start":{"line":82,"column":4},"end":{"line":103,"column":4}}},"9":{"name":"_transfer","line":105,"loc":{"start":{"line":105,"column":4},"end":{"line":114,"column":4}}},"10":{"name":"_transferWithTax","line":116,"loc":{"start":{"line":116,"column":4},"end":{"line":136,"column":4}}}},"statementMap":{"1":{"start":{"line":10,"column":8},"end":{"line":10,"column":69}},"2":{"start":{"line":11,"column":8},"end":{"line":11,"column":32}},"3":{"start":{"line":12,"column":8},"end":{"line":12,"column":31}},"4":{"start":{"line":16,"column":8},"end":{"line":16,"column":72}},"5":{"start":{"line":17,"column":8},"end":{"line":17,"column":27}},"6":{"start":{"line":24,"column":8},"end":{"line":24,"column":37}},"7":{"start":{"line":25,"column":8},"end":{"line":25,"column":34}},"8":{"start":{"line":32,"column":8},"end":{"line":32,"column":47}},"9":{"start":{"line":33,"column":8},"end":{"line":33,"column":41}},"10":{"start":{"line":41,"column":8},"end":{"line":41,"column":72}},"11":{"start":{"line":42,"column":8},"end":{"line":42,"column":1285}},"12":{"start":{"line":45,"column":8},"end":{"line":45,"column":19}},"13":{"start":{"line":53,"column":8},"end":{"line":53,"column":1602}},"14":{"start":{"line":57,"column":8},"end":{"line":57,"column":1699}},"15":{"start":{"line":70,"column":8},"end":{"line":70,"column":19}},"16":{"start":{"line":78,"column":8},"end":{"line":78,"column":31}},"17":{"start":{"line":79,"column":8},"end":{"line":79,"column":19}},"18":{"start":{"line":87,"column":8},"end":{"line":87,"column":29}},"19":{"start":{"line":89,"column":8},"end":{"line":89,"column":2404}},"20":{"start":{"line":102,"column":8},"end":{"line":102,"column":19}},"21":{"start":{"line":110,"column":8},"end":{"line":110,"column":2877}},"22":{"start":{"line":111,"column":12},"end":{"line":111,"column":53}},"23":{"start":{"line":113,"column":8},"end":{"line":113,"column":49}},"24":{"start":{"line":121,"column":8},"end":{"line":121,"column":77}},"25":{"start":{"line":122,"column":8},"end":{"line":122,"column":78}},"26":{"start":{"line":123,"column":8},"end":{"line":123,"column":59}},"27":{"start":{"line":125,"column":8},"end":{"line":125,"column":43}},"28":{"start":{"line":127,"column":8},"end":{"line":127,"column":58}},"29":{"start":{"line":129,"column":8},"end":{"line":129,"column":32}},"30":{"start":{"line":134,"column":8},"end":{"line":134,"column":45}},"31":{"start":{"line":135,"column":8},"end":{"line":135,"column":53}}},"branchMap":{"1":{"line":10,"type":"if","locations":[{"start":{"line":10,"column":8},"end":{"line":10,"column":8}},{"start":{"line":10,"column":8},"end":{"line":10,"column":8}}]},"2":{"line":16,"type":"if","locations":[{"start":{"line":16,"column":8},"end":{"line":16,"column":8}},{"start":{"line":16,"column":8},"end":{"line":16,"column":8}}]},"3":{"line":24,"type":"if","locations":[{"start":{"line":24,"column":8},"end":{"line":24,"column":8}},{"start":{"line":24,"column":8},"end":{"line":24,"column":8}}]},"4":{"line":32,"type":"if","locations":[{"start":{"line":32,"column":8},"end":{"line":32,"column":8}},{"start":{"line":32,"column":8},"end":{"line":32,"column":8}}]},"5":{"line":41,"type":"if","locations":[{"start":{"line":41,"column":8},"end":{"line":41,"column":8}},{"start":{"line":41,"column":8},"end":{"line":41,"column":8}}]},"6":{"line":57,"type":"if","locations":[{"start":{"line":57,"column":8},"end":{"line":57,"column":8}},{"start":{"line":57,"column":8},"end":{"line":57,"column":8}}]},"7":{"line":89,"type":"if","locations":[{"start":{"line":89,"column":8},"end":{"line":89,"column":8}},{"start":{"line":89,"column":8},"end":{"line":89,"column":8}}]},"8":{"line":110,"type":"if","locations":[{"start":{"line":110,"column":8},"end":{"line":110,"column":8}},{"start":{"line":110,"column":8},"end":{"line":110,"column":8}}]},"9":{"line":121,"type":"if","locations":[{"start":{"line":121,"column":8},"end":{"line":121,"column":8}},{"start":{"line":121,"column":8},"end":{"line":121,"column":8}}]},"10":{"line":122,"type":"if","locations":[{"start":{"line":122,"column":8},"end":{"line":122,"column":8}},{"start":{"line":122,"column":8},"end":{"line":122,"column":8}}]},"11":{"line":123,"type":"if","locations":[{"start":{"line":123,"column":8},"end":{"line":123,"column":8}},{"start":{"line":123,"column":8},"end":{"line":123,"column":8}}]},"12":{"line":127,"type":"if","locations":[{"start":{"line":127,"column":8},"end":{"line":127,"column":8}},{"start":{"line":127,"column":8},"end":{"line":127,"column":8}}]}}},"contracts/PeggedToken/PeggedTotemTokenProxy.sol":{"l":{"10":0,"14":0,"18":0,"19":0,"23":0,"24":0,"25":0,"29":0,"30":0,"34":0,"35":0,"39":0,"43":0,"51":0,"52":0,"54":0,"55":0,"57":0,"58":0,"60":0,"66":0,"67":0,"68":0,"72":0,"73":0,"74":0},"path":"/home/xena/Desktop/TotemFi/contracts/Totem-Bridge/contracts/PeggedToken/PeggedTotemTokenProxy.sol","s":{"1":0,"2":0,"3":0,"4":0,"5":0,"6":0,"7":0,"8":0,"9":0,"10":0,"11":0,"12":0,"13":0,"14":0,"15":0,"16":0,"17":0,"18":0,"19":0,"20":0,"21":0,"22":0,"23":0},"b":{"1":[0,0],"2":[0,0],"3":[0,0],"4":[0,0],"5":[0,0]},"f":{"1":0,"2":0,"3":0,"4":0,"5":0,"6":0,"7":0,"8":0,"9":0},"fnMap":{"1":{"name":"onlyProxyAdmin","line":9,"loc":{"start":{"line":9,"column":4},"end":{"line":15,"column":4}}},"2":{"name":"onlyOwner","line":17,"loc":{"start":{"line":17,"column":4},"end":{"line":20,"column":4}}},"3":{"name":"constructor","line":22,"loc":{"start":{"line":22,"column":4},"end":{"line":26,"column":4}}},"4":{"name":"upgradeTo","line":28,"loc":{"start":{"line":28,"column":4},"end":{"line":36,"column":4}}},"5":{"name":"enableUpgrade","line":38,"loc":{"start":{"line":38,"column":4},"end":{"line":40,"column":4}}},"6":{"name":"disableUpgrade","line":42,"loc":{"start":{"line":42,"column":4},"end":{"line":44,"column":4}}},"7":{"name":"initialize","line":50,"loc":{"start":{"line":46,"column":4},"end":{"line":61,"column":4}}},"8":{"name":"_setPeggedTotemTokenImpl","line":63,"loc":{"start":{"line":63,"column":4},"end":{"line":69,"column":4}}},"9":{"name":null,"line":71,"loc":{"start":{"line":71,"column":4},"end":{"line":86,"column":4}}}},"statementMap":{"1":{"start":{"line":10,"column":8},"end":{"line":10,"column":301}},"2":{"start":{"line":18,"column":8},"end":{"line":18,"column":78}},"3":{"start":{"line":23,"column":8},"end":{"line":23,"column":28}},"4":{"start":{"line":24,"column":8},"end":{"line":24,"column":31}},"5":{"start":{"line":25,"column":8},"end":{"line":25,"column":27}},"6":{"start":{"line":29,"column":8},"end":{"line":29,"column":60}},"7":{"start":{"line":30,"column":8},"end":{"line":30,"column":847}},"8":{"start":{"line":34,"column":8},"end":{"line":34,"column":57}},"9":{"start":{"line":35,"column":8},"end":{"line":35,"column":29}},"10":{"start":{"line":39,"column":8},"end":{"line":39,"column":28}},"11":{"start":{"line":43,"column":8},"end":{"line":43,"column":29}},"12":{"start":{"line":51,"column":8},"end":{"line":51,"column":62}},"13":{"start":{"line":52,"column":8},"end":{"line":52,"column":54}},"14":{"start":{"line":54,"column":8},"end":{"line":54,"column":68}},"15":{"start":{"line":55,"column":8},"end":{"line":55,"column":70}},"16":{"start":{"line":57,"column":8},"end":{"line":57,"column":69}},"17":{"start":{"line":58,"column":8},"end":{"line":58,"column":71}},"18":{"start":{"line":60,"column":8},"end":{"line":60,"column":39}},"19":{"start":{"line":66,"column":8},"end":{"line":66,"column":46}},"20":{"start":{"line":67,"column":8},"end":{"line":67,"column":54}},"21":{"start":{"line":68,"column":8},"end":{"line":68,"column":66}},"22":{"start":{"line":72,"column":8},"end":{"line":72,"column":42}},"23":{"start":{"line":73,"column":8},"end":{"line":73,"column":33}}},"branchMap":{"1":{"line":10,"type":"if","locations":[{"start":{"line":10,"column":8},"end":{"line":10,"column":8}},{"start":{"line":10,"column":8},"end":{"line":10,"column":8}}]},"2":{"line":18,"type":"if","locations":[{"start":{"line":18,"column":8},"end":{"line":18,"column":8}},{"start":{"line":18,"column":8},"end":{"line":18,"column":8}}]},"3":{"line":29,"type":"if","locations":[{"start":{"line":29,"column":8},"end":{"line":29,"column":8}},{"start":{"line":29,"column":8},"end":{"line":29,"column":8}}]},"4":{"line":30,"type":"if","locations":[{"start":{"line":30,"column":8},"end":{"line":30,"column":8}},{"start":{"line":30,"column":8},"end":{"line":30,"column":8}}]},"5":{"line":73,"type":"if","locations":[{"start":{"line":73,"column":8},"end":{"line":73,"column":8}},{"start":{"line":73,"column":8},"end":{"line":73,"column":8}}]}}},"contracts/PeggedToken/PeggedTotemTokenStorageStructure.sol":{"l":{},"path":"/home/xena/Desktop/TotemFi/contracts/Totem-Bridge/contracts/PeggedToken/PeggedTotemTokenStorageStructure.sol","s":{},"b":{},"f":{},"fnMap":{},"statementMap":{},"branchMap":{}},"contracts/test/SignatureVerification.sol":{"l":{"22":0,"41":0,"54":0},"path":"/home/xena/Desktop/TotemFi/contracts/Totem-Bridge/contracts/test/SignatureVerification.sol","s":{"1":0,"2":0,"3":0},"b":{},"f":{"1":0,"2":0,"3":0},"fnMap":{"1":{"name":"setMessage","line":11,"loc":{"start":{"line":11,"column":4},"end":{"line":33,"column":4}}},"2":{"name":"setDomain","line":35,"loc":{"start":{"line":35,"column":4},"end":{"line":47,"column":4}}},"3":{"name":"verify","line":49,"loc":{"start":{"line":49,"column":4},"end":{"line":55,"column":4}}}},"statementMap":{"1":{"start":{"line":22,"column":8},"end":{"line":22,"column":578}},"2":{"start":{"line":41,"column":8},"end":{"line":41,"column":1051}},"3":{"start":{"line":54,"column":8},"end":{"line":54,"column":75}}},"branchMap":{}}}